-------------------------------------------------------------------------------
Test set: com.uap.proiv.jobs.service.impl.UserJobAssignedServiceImplTest
-------------------------------------------------------------------------------
Tests run: 1, Failures: 1, Errors: 0, Skipped: 0, Time elapsed: 0.039 s <<< FAILURE! -- in com.uap.proiv.jobs.service.impl.UserJobAssignedServiceImplTest
com.uap.proiv.jobs.service.impl.UserJobAssignedServiceImplTest.assign_succesOnePage -- Time elapsed: 0.033 s <<< FAILURE!
org.opentest4j.AssertionFailedError: expected: <1> but was: <2>
	at org.junit.jupiter.api.AssertionFailureBuilder.build(AssertionFailureBuilder.java:158)
	at org.junit.jupiter.api.AssertionFailureBuilder.buildAndThrow(AssertionFailureBuilder.java:139)
	at org.junit.jupiter.api.AssertEquals.failNotEqual(AssertEquals.java:201)
	at org.junit.jupiter.api.AssertEquals.assertEquals(AssertEquals.java:152)
	at org.junit.jupiter.api.AssertEquals.assertEquals(AssertEquals.java:147)
	at org.junit.jupiter.api.Assertions.assertEquals(Assertions.java:558)
	at com.uap.proiv.jobs.service.impl.UserJobAssignedServiceImplTest.assign_succesOnePage(UserJobAssignedServiceImplTest.java:111)

