-------------------------------------------------------------------------------
Test set: com.uap.proiv.jobs.controller.JobControllerTest
-------------------------------------------------------------------------------
Tests run: 4, Failures: 4, Errors: 0, Skipped: 0, Time elapsed: 2.251 s <<< FAILURE! -- in com.uap.proiv.jobs.controller.JobControllerTest
com.uap.proiv.jobs.controller.JobControllerTest.getUsers_success_initial_data -- Time elapsed: 2.115 s <<< FAILURE!
java.lang.AssertionError: Status expected:<200> but was:<404>
	at org.springframework.test.util.AssertionErrors.fail(AssertionErrors.java:62)
	at org.springframework.test.util.AssertionErrors.assertEquals(AssertionErrors.java:129)
	at org.springframework.test.web.servlet.result.StatusResultMatchers.lambda$matcher$0(StatusResultMatchers.java:600)
	at org.springframework.test.web.servlet.MockMvc$1.andExpect(MockMvc.java:212)
	at com.uap.proiv.jobs.controller.JobControllerTest.getUsers_success_initial_data(JobControllerTest.java:110)

com.uap.proiv.jobs.controller.JobControllerTest.getUsers_exception -- Time elapsed: 0.021 s <<< FAILURE!
java.lang.AssertionError: Range for response status value 404 expected:<SERVER_ERROR> but was:<CLIENT_ERROR>
	at org.springframework.test.util.AssertionErrors.fail(AssertionErrors.java:62)
	at org.springframework.test.util.AssertionErrors.assertEquals(AssertionErrors.java:129)
	at org.springframework.test.web.servlet.result.StatusResultMatchers.lambda$is5xxServerError$0(StatusResultMatchers.java:104)
	at org.springframework.test.web.servlet.MockMvc$1.andExpect(MockMvc.java:212)
	at com.uap.proiv.jobs.controller.JobControllerTest.getUsers_exception(JobControllerTest.java:130)

com.uap.proiv.jobs.controller.JobControllerTest.postAssign_success -- Time elapsed: 0.064 s <<< FAILURE!
java.lang.AssertionError: Status expected:<200> but was:<405>
	at org.springframework.test.util.AssertionErrors.fail(AssertionErrors.java:62)
	at org.springframework.test.util.AssertionErrors.assertEquals(AssertionErrors.java:129)
	at org.springframework.test.web.servlet.result.StatusResultMatchers.lambda$matcher$0(StatusResultMatchers.java:600)
	at org.springframework.test.web.servlet.MockMvc$1.andExpect(MockMvc.java:212)
	at com.uap.proiv.jobs.controller.JobControllerTest.postAssign_success(JobControllerTest.java:165)

com.uap.proiv.jobs.controller.JobControllerTest.getUsers_success -- Time elapsed: 0.018 s <<< FAILURE!
java.lang.AssertionError: Status expected:<200> but was:<404>
	at org.springframework.test.util.AssertionErrors.fail(AssertionErrors.java:62)
	at org.springframework.test.util.AssertionErrors.assertEquals(AssertionErrors.java:129)
	at org.springframework.test.web.servlet.result.StatusResultMatchers.lambda$matcher$0(StatusResultMatchers.java:600)
	at org.springframework.test.web.servlet.MockMvc$1.andExpect(MockMvc.java:212)
	at com.uap.proiv.jobs.controller.JobControllerTest.getUsers_success(JobControllerTest.java:93)

