-------------------------------------------------------------------------------
Test set: com.uap.proiv.jobs.controller.UserControllerIntegrationTest
-------------------------------------------------------------------------------
Tests run: 2, Failures: 2, Errors: 0, Skipped: 0, Time elapsed: 2.726 s <<< FAILURE! -- in com.uap.proiv.jobs.controller.UserControllerIntegrationTest
com.uap.proiv.jobs.controller.UserControllerIntegrationTest.updateUser_success -- Time elapsed: 0.127 s <<< FAILURE!
java.lang.AssertionError: Status expected:<200> but was:<400>
	at org.springframework.test.util.AssertionErrors.fail(AssertionErrors.java:62)
	at org.springframework.test.util.AssertionErrors.assertEquals(AssertionErrors.java:129)
	at org.springframework.test.web.servlet.result.StatusResultMatchers.lambda$matcher$0(StatusResultMatchers.java:600)
	at org.springframework.test.web.servlet.MockMvc$1.andExpect(MockMvc.java:212)
	at com.uap.proiv.jobs.controller.UserControllerIntegrationTest.updateUser_success(UserControllerIntegrationTest.java:132)

com.uap.proiv.jobs.controller.UserControllerIntegrationTest.getUserById -- Time elapsed: 0.111 s <<< FAILURE!
java.lang.AssertionError: Status expected:<200> but was:<500>
	at org.springframework.test.util.AssertionErrors.fail(AssertionErrors.java:62)
	at org.springframework.test.util.AssertionErrors.assertEquals(AssertionErrors.java:129)
	at org.springframework.test.web.servlet.result.StatusResultMatchers.lambda$matcher$0(StatusResultMatchers.java:600)
	at org.springframework.test.web.servlet.MockMvc$1.andExpect(MockMvc.java:212)
	at com.uap.proiv.jobs.controller.UserControllerIntegrationTest.getUserById(UserControllerIntegrationTest.java:90)

