<?xml version="1.0" encoding="UTF-8"?>
<testsuite xmlns:xsi="http://www.w3.org/2001/XMLSchema-instance" xsi:noNamespaceSchemaLocation="https://maven.apache.org/surefire/maven-surefire-plugin/xsd/surefire-test-report.xsd" version="3.0.2" name="com.uap.proiv.jobs.controller.JobControllerTest" time="2.251" tests="4" errors="0" skipped="0" failures="4" flakes="0">
  <properties>
[...]
</properties>
  <testcase name="getUsers_success_initial_data" classname="com.uap.proiv.jobs.controller.JobControllerTest" time="2.115">
    <failure message="Status expected:&lt;200&gt; but was:&lt;404&gt;" type="java.lang.AssertionError"><![CDATA[java.lang.AssertionError: Status expected:<200> but was:<404>
	at org.springframework.test.util.AssertionErrors.fail(AssertionErrors.java:62)
	at org.springframework.test.util.AssertionErrors.assertEquals(AssertionErrors.java:129)
	at org.springframework.test.web.servlet.result.StatusResultMatchers.lambda$matcher$0(StatusResultMatchers.java:600)
	at org.springframework.test.web.servlet.MockMvc$1.andExpect(MockMvc.java:212)
	at com.uap.proiv.jobs.controller.JobControllerTest.getUsers_success_initial_data(JobControllerTest.java:110)
]]></failure>
    <system-out><![CDATA[19:34:02.038 [main] INFO org.hibernate.validator.internal.util.Version -- HV000001: Hibernate Validator 9.1.0.Final
19:34:02.469 [main] INFO org.springframework.mock.web.MockServletContext -- Initializing Spring TestDispatcherServlet ''
19:34:02.470 [main] INFO org.springframework.test.web.servlet.TestDispatcherServlet -- Initializing Servlet ''
19:34:02.473 [main] INFO org.springframework.test.web.servlet.TestDispatcherServlet -- Completed initialization in 2 ms
19:34:02.659 [main] WARN org.springframework.web.servlet.PageNotFound -- No mapping for GET /api/job/users/1
19:34:02.663 [main] WARN org.springframework.web.servlet.PageNotFound -- No endpoint GET /api/job/users/1.
]]></system-out>
    <system-err><![CDATA[Mockito is currently self-attaching to enable the inline-mock-maker. This will no longer work in future releases of the JDK. Please add Mockito as an agent to your build as described in Mockito's documentation: https://javadoc.io/doc/org.mockito/mockito-core/latest/org.mockito/org/mockito/Mockito.html#0.3
WARNING: A Java agent has been loaded dynamically (C:\Users\Usuario\.m2\repository\net\bytebuddy\byte-buddy-agent\1.18.10\byte-buddy-agent-1.18.10.jar)
WARNING: If a serviceability tool is in use, please run with -XX:+EnableDynamicAgentLoading to hide this warning
WARNING: If a serviceability tool is not in use, please run with -Djdk.instrument.traceUsage for more information
WARNING: Dynamic loading of agents will be disallowed by default in a future release
]]></system-err>
  </testcase>
  <testcase name="getUsers_exception" classname="com.uap.proiv.jobs.controller.JobControllerTest" time="0.021">
    <failure message="Range for response status value 404 expected:&lt;SERVER_ERROR&gt; but was:&lt;CLIENT_ERROR&gt;" type="java.lang.AssertionError"><![CDATA[java.lang.AssertionError: Range for response status value 404 expected:<SERVER_ERROR> but was:<CLIENT_ERROR>
	at org.springframework.test.util.AssertionErrors.fail(AssertionErrors.java:62)
	at org.springframework.test.util.AssertionErrors.assertEquals(AssertionErrors.java:129)
	at org.springframework.test.web.servlet.result.StatusResultMatchers.lambda$is5xxServerError$0(StatusResultMatchers.java:104)
	at org.springframework.test.web.servlet.MockMvc$1.andExpect(MockMvc.java:212)
	at com.uap.proiv.jobs.controller.JobControllerTest.getUsers_exception(JobControllerTest.java:130)
]]></failure>
    <system-out><![CDATA[19:34:02.701 [main] INFO org.springframework.mock.web.MockServletContext -- Initializing Spring TestDispatcherServlet ''
19:34:02.701 [main] INFO org.springframework.test.web.servlet.TestDispatcherServlet -- Initializing Servlet ''
19:34:02.702 [main] INFO org.springframework.test.web.servlet.TestDispatcherServlet -- Completed initialization in 1 ms
19:34:02.703 [main] WARN org.springframework.web.servlet.PageNotFound -- No mapping for GET /api/job/users/2
19:34:02.703 [main] WARN org.springframework.web.servlet.PageNotFound -- No endpoint GET /api/job/users/2.
]]></system-out>
  </testcase>
  <testcase name="postAssign_success" classname="com.uap.proiv.jobs.controller.JobControllerTest" time="0.064">
    <failure message="Status expected:&lt;200&gt; but was:&lt;405&gt;" type="java.lang.AssertionError"><![CDATA[java.lang.AssertionError: Status expected:<200> but was:<405>
	at org.springframework.test.util.AssertionErrors.fail(AssertionErrors.java:62)
	at org.springframework.test.util.AssertionErrors.assertEquals(AssertionErrors.java:129)
	at org.springframework.test.web.servlet.result.StatusResultMatchers.lambda$matcher$0(StatusResultMatchers.java:600)
	at org.springframework.test.web.servlet.MockMvc$1.andExpect(MockMvc.java:212)
	at com.uap.proiv.jobs.controller.JobControllerTest.postAssign_success(JobControllerTest.java:165)
]]></failure>
    <system-out><![CDATA[19:34:02.723 [main] INFO org.springframework.mock.web.MockServletContext -- Initializing Spring TestDispatcherServlet ''
19:34:02.724 [main] INFO org.springframework.test.web.servlet.TestDispatcherServlet -- Initializing Servlet ''
19:34:02.724 [main] INFO org.springframework.test.web.servlet.TestDispatcherServlet -- Completed initialization in 0 ms
19:34:02.772 [main] WARN org.springframework.web.servlet.mvc.support.DefaultHandlerExceptionResolver -- Resolved [org.springframework.web.HttpRequestMethodNotSupportedException: Request method 'POST' is not supported]
]]></system-out>
  </testcase>
  <testcase name="getUsers_success" classname="com.uap.proiv.jobs.controller.JobControllerTest" time="0.018">
    <failure message="Status expected:&lt;200&gt; but was:&lt;404&gt;" type="java.lang.AssertionError"><![CDATA[java.lang.AssertionError: Status expected:<200> but was:<404>
	at org.springframework.test.util.AssertionErrors.fail(AssertionErrors.java:62)
	at org.springframework.test.util.AssertionErrors.assertEquals(AssertionErrors.java:129)
	at org.springframework.test.web.servlet.result.StatusResultMatchers.lambda$matcher$0(StatusResultMatchers.java:600)
	at org.springframework.test.web.servlet.MockMvc$1.andExpect(MockMvc.java:212)
	at com.uap.proiv.jobs.controller.JobControllerTest.getUsers_success(JobControllerTest.java:93)
]]></failure>
    <system-out><![CDATA[19:34:02.788 [main] INFO org.springframework.mock.web.MockServletContext -- Initializing Spring TestDispatcherServlet ''
19:34:02.789 [main] INFO org.springframework.test.web.servlet.TestDispatcherServlet -- Initializing Servlet ''
19:34:02.789 [main] INFO org.springframework.test.web.servlet.TestDispatcherServlet -- Completed initialization in 0 ms
19:34:02.790 [main] WARN org.springframework.web.servlet.PageNotFound -- No mapping for GET /api/job/users/1
19:34:02.791 [main] WARN org.springframework.web.servlet.PageNotFound -- No endpoint GET /api/job/users/1.
]]></system-out>
  </testcase>
</testsuite>